Clock: clk
Sources: clk 
Generated: no
Virtual: no
Propagated: no
Period: 10.000000

===========================================================================
report_clock_properties
============================================================================
Clock                   Period          Waveform
----------------------------------------------------
clk                  10.000000    0.000000  5.000000

===========================================================================
report_clock_latency
============================================================================
Clock clk
rise -> rise
    min     max
0.000000 0.000000 source latency
0.019703         network latency _32_/CLK
        0.019703 network latency _32_/CLK
---------------
0.019703 0.019703 latency
        0.000000 skew

fall -> fall
    min     max
0.000000 0.000000 source latency
0.006477         network latency _32_/CLK
        0.006477 network latency _32_/CLK
---------------
0.006477 0.006477 latency
        0.000000 skew



===========================================================================
report_clock_min_period
============================================================================
clk period_min = 1.07 fmax = 938.28
