
===========================================================================
report_checks -unconstrained
===========================================================================
======================= nom_tt_025C_1v80 Corner ===================================

Startpoint: up_dn (input port clocked by clk)
Endpoint: _35_ (rising edge-triggered flip-flop clocked by clk)
Path Group: clk
Path Type: max

Fanout         Cap        Slew       Delay        Time   Description
---------------------------------------------------------------------------------------------
                      0.150000    0.000000    0.000000   clock clk (rise edge)
                                  0.000000    0.000000   clock network delay (ideal)
                                  2.000000    2.000000 ^ input external delay
     4    0.014192    0.071444    0.047359    2.047359 ^ up_dn (in)
                                                         up_dn (net)
                      0.071444    0.000000    2.047359 ^ _28_/C (sky130_fd_sc_hd__nor3_2)
     1    0.002212    0.059076    0.036510    2.083869 v _28_/Y (sky130_fd_sc_hd__nor3_2)
                                                         _13_ (net)
                      0.059076    0.000000    2.083869 v _29_/B2 (sky130_fd_sc_hd__o22a_2)
     2    0.006852    0.050165    0.195334    2.279204 v _29_/X (sky130_fd_sc_hd__o22a_2)
                                                         _14_ (net)
                      0.050165    0.000000    2.279204 v _30_/A2 (sky130_fd_sc_hd__a21oi_2)
     1    0.002493    0.077630    0.120393    2.399597 ^ _30_/Y (sky130_fd_sc_hd__a21oi_2)
                                                         _15_ (net)
                      0.077630    0.000000    2.399597 ^ _31_/B1 (sky130_fd_sc_hd__o21a_2)
     1    0.001674    0.028316    0.118607    2.518204 ^ _31_/X (sky130_fd_sc_hd__o21a_2)
                                                         _03_ (net)
                      0.028316    0.000000    2.518204 ^ _35_/D (sky130_fd_sc_hd__dfxtp_2)
                                              2.518204   data arrival time

                      0.150000   10.000000   10.000000   clock clk (rise edge)
                                  0.000000   10.000000   clock network delay (ideal)
                                 -0.250000    9.750000   clock uncertainty
                                  0.000000    9.750000   clock reconvergence pessimism
                                              9.750000 ^ _35_/CLK (sky130_fd_sc_hd__dfxtp_2)
                                 -0.039511    9.710489   library setup time
                                              9.710489   data required time
---------------------------------------------------------------------------------------------
                                              9.710489   data required time
                                             -2.518204   data arrival time
---------------------------------------------------------------------------------------------
                                              7.192285   slack (MET)




===========================================================================
report_checks --slack_max -0.01
============================================================================
======================= nom_tt_025C_1v80 Corner ===================================

No paths found.


===========================================================================
 report_check_types -max_slew -max_cap -max_fanout -violators
============================================================================
======================= nom_tt_025C_1v80 Corner ===================================



===========================================================================
report_parasitic_annotation -report_unannotated
============================================================================
Found 23 unannotated drivers.
 clk
 rst
 up_dn
 _16_/Y
 _17_/Y
 _18_/Y
 _19_/X
 _20_/X
 _21_/Y
 _22_/Y
 _23_/X
 _24_/Y
 _25_/X
 _26_/Y
 _27_/X
 _28_/Y
 _29_/X
 _30_/Y
 _31_/X
 _32_/Q
 _33_/Q
 _34_/Q
 _35_/Q
Found 0 partially unannotated drivers.

===========================================================================
max slew violation count 0
max fanout violation count 0
max cap violation count 0
============================================================================

===========================================================================
check_setup -verbose -unconstrained_endpoints -multiple_clock -no_clock -no_input_delay -loops -generated_clocks
===========================================================================
