Clock: clk
Sources: clk 
Generated: no
Virtual: no
Propagated: no
Period: 10.000000

===========================================================================
report_clock_properties
============================================================================
Clock                   Period          Waveform
----------------------------------------------------
clk                  10.000000    0.000000  5.000000

===========================================================================
report_clock_latency
============================================================================
Clock clk
rise -> rise
    min     max
0.000000 0.000000 source latency
0.025912         network latency _32_/CLK
        0.025912 network latency _32_/CLK
---------------
0.025912 0.025912 latency
        0.000000 skew

fall -> fall
    min     max
0.000000 0.000000 source latency
0.010968         network latency _32_/CLK
        0.010968 network latency _32_/CLK
---------------
0.010968 0.010968 latency
        0.000000 skew



===========================================================================
report_clock_min_period
============================================================================
clk period_min = 1.54 fmax = 651.42
