Clock: clk
Sources: clk 
Generated: no
Virtual: no
Propagated: no
Period: 10.000000

===========================================================================
report_clock_properties
============================================================================
Clock                   Period          Waveform
----------------------------------------------------
clk                  10.000000    0.000000  5.000000

===========================================================================
report_clock_latency
============================================================================
Clock clk
rise -> rise
    min     max
0.000000 0.000000 source latency
0.036823         network latency _32_/CLK
        0.036823 network latency _32_/CLK
---------------
0.036823 0.036823 latency
        0.000000 skew

fall -> fall
    min     max
0.000000 0.000000 source latency
0.020379         network latency _32_/CLK
        0.020379 network latency _32_/CLK
---------------
0.020379 0.020379 latency
        0.000000 skew



===========================================================================
report_clock_min_period
============================================================================
clk period_min = 2.88 fmax = 347.49
