#! /foss/tools/iverilog/bin/vvp
:ivl_version "13.0 (devel)" "(s20251012-46-gaad14df3-dirty)";
:ivl_delay_selection "TYPICAL";
:vpi_time_precision - 12;
:vpi_module "/foss/tools/iverilog/lib/ivl/system.vpi";
:vpi_module "/foss/tools/iverilog/lib/ivl/vhdl_sys.vpi";
:vpi_module "/foss/tools/iverilog/lib/ivl/vhdl_textio.vpi";
:vpi_module "/foss/tools/iverilog/lib/ivl/v2005_math.vpi";
:vpi_module "/foss/tools/iverilog/lib/ivl/va_math.vpi";
S_0x60be25a08b60 .scope module, "tb_mux41" "tb_mux41" 2 3;
 .timescale -9 -12;
v0x60be25a1e390_0 .var "d0", 0 0;
v0x60be25a1e450_0 .var "d1", 0 0;
v0x60be25a1e520_0 .var "d2", 0 0;
v0x60be25a1e620_0 .var "d3", 0 0;
v0x60be25a1e6f0_0 .var "sel", 1 0;
v0x60be25a1e7e0_0 .net "y", 0 0, v0x60be25a1e210_0;  1 drivers
S_0x60be25a08cf0 .scope module, "dut" "mux41" 2 13, 3 1 0, S_0x60be25a08b60;
 .timescale 0 0;
    .port_info 0 /INPUT 1 "d0";
    .port_info 1 /INPUT 1 "d1";
    .port_info 2 /INPUT 1 "d2";
    .port_info 3 /INPUT 1 "d3";
    .port_info 4 /INPUT 2 "sel";
    .port_info 5 /OUTPUT 1 "y";
v0x60be259f6de0_0 .net "d0", 0 0, v0x60be25a1e390_0;  1 drivers
v0x60be25a1dec0_0 .net "d1", 0 0, v0x60be25a1e450_0;  1 drivers
v0x60be25a1df80_0 .net "d2", 0 0, v0x60be25a1e520_0;  1 drivers
v0x60be25a1e020_0 .net "d3", 0 0, v0x60be25a1e620_0;  1 drivers
v0x60be25a1e0e0_0 .net "sel", 1 0, v0x60be25a1e6f0_0;  1 drivers
v0x60be25a1e210_0 .var "y", 0 0;
E_0x60be25a079a0/0 .event anyedge, v0x60be25a1e0e0_0, v0x60be259f6de0_0, v0x60be25a1dec0_0, v0x60be25a1df80_0;
E_0x60be25a079a0/1 .event anyedge, v0x60be25a1e020_0;
E_0x60be25a079a0 .event/or E_0x60be25a079a0/0, E_0x60be25a079a0/1;
    .scope S_0x60be25a08cf0;
T_0 ;
    %wait E_0x60be25a079a0;
    %load/vec4 v0x60be25a1e0e0_0;
    %dup/vec4;
    %pushi/vec4 0, 0, 2;
    %cmp/u;
    %jmp/1 T_0.0, 6;
    %dup/vec4;
    %pushi/vec4 1, 0, 2;
    %cmp/u;
    %jmp/1 T_0.1, 6;
    %dup/vec4;
    %pushi/vec4 2, 0, 2;
    %cmp/u;
    %jmp/1 T_0.2, 6;
    %dup/vec4;
    %pushi/vec4 3, 0, 2;
    %cmp/u;
    %jmp/1 T_0.3, 6;
    %pushi/vec4 0, 0, 1;
    %store/vec4 v0x60be25a1e210_0, 0, 1;
    %jmp T_0.5;
T_0.0 ;
    %load/vec4 v0x60be259f6de0_0;
    %store/vec4 v0x60be25a1e210_0, 0, 1;
    %jmp T_0.5;
T_0.1 ;
    %load/vec4 v0x60be25a1dec0_0;
    %store/vec4 v0x60be25a1e210_0, 0, 1;
    %jmp T_0.5;
T_0.2 ;
    %load/vec4 v0x60be25a1df80_0;
    %store/vec4 v0x60be25a1e210_0, 0, 1;
    %jmp T_0.5;
T_0.3 ;
    %load/vec4 v0x60be25a1e020_0;
    %store/vec4 v0x60be25a1e210_0, 0, 1;
    %jmp T_0.5;
T_0.5 ;
    %pop/vec4 1;
    %jmp T_0;
    .thread T_0, $push;
    .scope S_0x60be25a08b60;
T_1 ;
    %vpi_call 2 24 "$dumpfile", "mux41.vcd" {0 0 0};
    %vpi_call 2 25 "$dumpvars", 32'sb00000000000000000000000000000000, S_0x60be25a08b60 {0 0 0};
    %pushi/vec4 0, 0, 1;
    %store/vec4 v0x60be25a1e390_0, 0, 1;
    %pushi/vec4 1, 0, 1;
    %store/vec4 v0x60be25a1e450_0, 0, 1;
    %pushi/vec4 0, 0, 1;
    %store/vec4 v0x60be25a1e520_0, 0, 1;
    %pushi/vec4 1, 0, 1;
    %store/vec4 v0x60be25a1e620_0, 0, 1;
    %pushi/vec4 0, 0, 2;
    %store/vec4 v0x60be25a1e6f0_0, 0, 2;
    %delay 10000, 0;
    %pushi/vec4 0, 0, 2;
    %store/vec4 v0x60be25a1e6f0_0, 0, 2;
    %delay 10000, 0;
    %pushi/vec4 1, 0, 2;
    %store/vec4 v0x60be25a1e6f0_0, 0, 2;
    %delay 10000, 0;
    %pushi/vec4 2, 0, 2;
    %store/vec4 v0x60be25a1e6f0_0, 0, 2;
    %delay 10000, 0;
    %pushi/vec4 3, 0, 2;
    %store/vec4 v0x60be25a1e6f0_0, 0, 2;
    %delay 10000, 0;
    %pushi/vec4 1, 0, 1;
    %store/vec4 v0x60be25a1e390_0, 0, 1;
    %pushi/vec4 0, 0, 1;
    %store/vec4 v0x60be25a1e450_0, 0, 1;
    %pushi/vec4 1, 0, 1;
    %store/vec4 v0x60be25a1e520_0, 0, 1;
    %pushi/vec4 0, 0, 1;
    %store/vec4 v0x60be25a1e620_0, 0, 1;
    %delay 10000, 0;
    %pushi/vec4 0, 0, 2;
    %store/vec4 v0x60be25a1e6f0_0, 0, 2;
    %delay 10000, 0;
    %pushi/vec4 1, 0, 2;
    %store/vec4 v0x60be25a1e6f0_0, 0, 2;
    %delay 10000, 0;
    %pushi/vec4 2, 0, 2;
    %store/vec4 v0x60be25a1e6f0_0, 0, 2;
    %delay 10000, 0;
    %pushi/vec4 3, 0, 2;
    %store/vec4 v0x60be25a1e6f0_0, 0, 2;
    %delay 20000, 0;
    %vpi_call 2 48 "$finish" {0 0 0};
    %end;
    .thread T_1;
# The file index is used to find the file name in the following table.
:file_names 4;
    "N/A";
    "<interactive>";
    "mux41_tb.v";
    "mux41.v";
